# JRE version: Java(TM) SE Runtime Environment (8.0_172-b11) (build 1.8.0_172-b11)
# Java VM: Java HotSpot(TM) 64-Bit Server VM (25.172-b11 mixed mode windows-amd64 compressed oops)
Heap:
 PSYoungGen      total 252416K, used 32736K [0x00000000e0000000, 0x00000000f1380000, 0x0000000100000000)
  eden space 224768K, 5% used [0x00000000e0000000,0x00000000e0b45938,0x00000000edb80000)
  from space 27648K, 76% used [0x00000000edb80000,0x00000000ef0328d8,0x00000000ef680000)
  to   space 23552K, 0% used [0x00000000ef680000,0x00000000ef680000,0x00000000f0d80000)
 ParOldGen       total 148480K, used 36006K [0x00000000a0000000, 0x00000000a9100000, 0x00000000e0000000)
  object space 148480K, 24% used [0x00000000a0000000,0x00000000a2329b58,0x00000000a9100000)
 Metaspace       used 85291K, capacity 88386K, committed 88536K, reserved 1126400K
  class space    used 11397K, capacity 11974K, committed 11992K, reserved 1048576K
GC Heap History (10 events):
Event: 24.889 GC heap before
{Heap before GC invocations=22 (full 3):
 PSYoungGen      total 197632K, used 190445K [0x00000000e0000000, 0x00000000ed680000, 0x0000000100000000)
  eden space 176640K, 100% used [0x00000000e0000000,0x00000000eac80000,0x00000000eac80000)
  from space 20992K, 65% used [0x00000000ec200000,0x00000000ecf7b7e8,0x00000000ed680000)
  to   space 21504K, 0% used [0x00000000eac80000,0x00000000eac80000,0x00000000ec180000)
 ParOldGen       total 148480K, used 33133K [0x00000000a0000000, 0x00000000a9100000, 0x00000000e0000000)
  object space 148480K, 22% used [0x00000000a0000000,0x00000000a205b708,0x00000000a9100000)
 Metaspace       used 74360K, capacity 76480K, committed 76632K, reserved 1116160K
  class space    used 10087K, capacity 10563K, committed 10584K, reserved 1048576K
Event: 24.903 GC heap after
Heap after GC invocations=22 (full 3):
 PSYoungGen      total 198144K, used 18075K [0x00000000e0000000, 0x00000000eeb80000, 0x0000000100000000)
  eden space 176640K, 0% used [0x00000000e0000000,0x00000000e0000000,0x00000000eac80000)
  from space 21504K, 84% used [0x00000000eac80000,0x00000000ebe26cc0,0x00000000ec180000)
  to   space 23040K, 0% used [0x00000000ed500000,0x00000000ed500000,0x00000000eeb80000)
 ParOldGen       total 148480K, used 33141K [0x00000000a0000000, 0x00000000a9100000, 0x00000000e0000000)
  object space 148480K, 22% used [0x00000000a0000000,0x00000000a205d708,0x00000000a9100000)
 Metaspace       used 74360K, capacity 76480K, committed 76632K, reserved 1116160K
  class space    used 10087K, capacity 10563K, committed 10584K, reserved 1048576K
}
Event: 25.157 GC heap before
{Heap before GC invocations=23 (full 3):
 PSYoungGen      total 198144K, used 194570K [0x00000000e0000000, 0x00000000eeb80000, 0x0000000100000000)
  eden space 176640K, 99% used [0x00000000e0000000,0x00000000eac5bca0,0x00000000eac80000)
  from space 21504K, 84% used [0x00000000eac80000,0x00000000ebe26cc0,0x00000000ec180000)
  to   space 23040K, 0% used [0x00000000ed500000,0x00000000ed500000,0x00000000eeb80000)
 ParOldGen       total 148480K, used 33141K [0x00000000a0000000, 0x00000000a9100000, 0x00000000e0000000)
  object space 148480K, 22% used [0x00000000a0000000,0x00000000a205d708,0x00000000a9100000)
 Metaspace       used 74403K, capacity 76562K, committed 76632K, reserved 1116160K
  class space    used 10090K, capacity 10568K, committed 10584K, reserved 1048576K
Event: 25.173 GC heap after
Heap after GC invocations=23 (full 3):
 PSYoungGen      total 218112K, used 15389K [0x00000000e0000000, 0x00000000ef800000, 0x0000000100000000)
  eden space 195072K, 0% used [0x00000000e0000000,0x00000000e0000000,0x00000000ebe80000)
  from space 23040K, 66% used [0x00000000ed500000,0x00000000ee4075d0,0x00000000eeb80000)
  to   space 23040K, 0% used [0x00000000ebe80000,0x00000000ebe80000,0x00000000ed500000)
 ParOldGen       total 148480K, used 33149K [0x00000000a0000000, 0x00000000a9100000, 0x00000000e0000000)
  object space 148480K, 22% used [0x00000000a0000000,0x00000000a205f708,0x00000000a9100000)
 Metaspace       used 74403K, capacity 76562K, committed 76632K, reserved 1116160K
  class space    used 10090K, capacity 10568K, committed 10584K, reserved 1048576K
}
Event: 26.100 GC heap before
{Heap before GC invocations=24 (full 3):
 PSYoungGen      total 218112K, used 210461K [0x00000000e0000000, 0x00000000ef800000, 0x0000000100000000)
  eden space 195072K, 100% used [0x00000000e0000000,0x00000000ebe80000,0x00000000ebe80000)
  from space 23040K, 66% used [0x00000000ed500000,0x00000000ee4075d0,0x00000000eeb80000)
  to   space 23040K, 0% used [0x00000000ebe80000,0x00000000ebe80000,0x00000000ed500000)
 ParOldGen       total 148480K, used 33149K [0x00000000a0000000, 0x00000000a9100000, 0x00000000e0000000)
  object space 148480K, 22% used [0x00000000a0000000,0x00000000a205f708,0x00000000a9100000)
 Metaspace       used 75333K, capacity 77596K, committed 77784K, reserved 1116160K
  class space    used 10182K, capacity 10683K, committed 10712K, reserved 1048576K
Event: 26.117 GC heap after
Heap after GC invocations=24 (full 3):
 PSYoungGen      total 218112K, used 16558K [0x00000000e0000000, 0x00000000f0d80000, 0x0000000100000000)
  eden space 195072K, 0% used [0x00000000e0000000,0x00000000e0000000,0x00000000ebe80000)
  from space 23040K, 71% used [0x00000000ebe80000,0x00000000eceabbb0,0x00000000ed500000)
  to   space 23552K, 0% used [0x00000000ef680000,0x00000000ef680000,0x00000000f0d80000)
 ParOldGen       total 148480K, used 33157K [0x00000000a0000000, 0x00000000a9100000, 0x00000000e0000000)
  object space 148480K, 22% used [0x00000000a0000000,0x00000000a2061708,0x00000000a9100000)
 Metaspace       used 75333K, capacity 77596K, committed 77784K, reserved 1116160K
  class space    used 10182K, capacity 10683K, committed 10712K, reserved 1048576K
}
Event: 28.214 GC heap before
{Heap before GC invocations=25 (full 3):
 PSYoungGen      total 218112K, used 211630K [0x00000000e0000000, 0x00000000f0d80000, 0x0000000100000000)
  eden space 195072K, 100% used [0x00000000e0000000,0x00000000ebe80000,0x00000000ebe80000)
  from space 23040K, 71% used [0x00000000ebe80000,0x00000000eceabbb0,0x00000000ed500000)
  to   space 23552K, 0% used [0x00000000ef680000,0x00000000ef680000,0x00000000f0d80000)
 ParOldGen       total 148480K, used 33157K [0x00000000a0000000, 0x00000000a9100000, 0x00000000e0000000)
  object space 148480K, 22% used [0x00000000a0000000,0x00000000a2061708,0x00000000a9100000)
 Metaspace       used 84846K, capacity 88010K, committed 88280K, reserved 1126400K
  class space    used 11382K, capacity 11970K, committed 11992K, reserved 1048576K
Event: 28.242 GC heap after
Heap after GC invocations=25 (full 3):
 PSYoungGen      total 248320K, used 23535K [0x00000000e0000000, 0x00000000f1380000, 0x0000000100000000)
  eden space 224768K, 0% used [0x00000000e0000000,0x00000000e0000000,0x00000000edb80000)
  from space 23552K, 99% used [0x00000000ef680000,0x00000000f0d7be78,0x00000000f0d80000)
  to   space 27648K, 0% used [0x00000000edb80000,0x00000000edb80000,0x00000000ef680000)
 ParOldGen       total 148480K, used 35998K [0x00000000a0000000, 0x00000000a9100000, 0x00000000e0000000)
  object space 148480K, 24% used [0x00000000a0000000,0x00000000a2327b58,0x00000000a9100000)
 Metaspace       used 84846K, capacity 88010K, committed 88280K, reserved 1126400K
  class space    used 11382K, capacity 11970K, committed 11992K, reserved 1048576K
}
Event: 29.185 GC heap before
{Heap before GC invocations=26 (full 3):
 PSYoungGen      total 248320K, used 248303K [0x00000000e0000000, 0x00000000f1380000, 0x0000000100000000)
  eden space 224768K, 100% used [0x00000000e0000000,0x00000000edb80000,0x00000000edb80000)
  from space 23552K, 99% used [0x00000000ef680000,0x00000000f0d7be78,0x00000000f0d80000)
  to   space 27648K, 0% used [0x00000000edb80000,0x00000000edb80000,0x00000000ef680000)
 ParOldGen       total 148480K, used 35998K [0x00000000a0000000, 0x00000000a9100000, 0x00000000e0000000)
  object space 148480K, 24% used [0x00000000a0000000,0x00000000a2327b58,0x00000000a9100000)
 Metaspace       used 85287K, capacity 88378K, committed 88536K, reserved 1126400K
  class space    used 11396K, capacity 11972K, committed 11992K, reserved 1048576K
Event: 29.214 GC heap after
Heap after GC invocations=26 (full 3):
 PSYoungGen      total 252416K, used 21194K [0x00000000e0000000, 0x00000000f1380000, 0x0000000100000000)
  eden space 224768K, 0% used [0x00000000e0000000,0x00000000e0000000,0x00000000edb80000)
  from space 27648K, 76% used [0x00000000edb80000,0x00000000ef0328d8,0x00000000ef680000)
  to   space 23552K, 0% used [0x00000000ef680000,0x00000000ef680000,0x00000000f0d80000)
 ParOldGen       total 148480K, used 36006K [0x00000000a0000000, 0x00000000a9100000, 0x00000000e0000000)
  object space 148480K, 24% used [0x00000000a0000000,0x00000000a2329b58,0x00000000a9100000)
 Metaspace       used 85287K, capacity 88378K, committed 88536K, reserved 1126400K
  class space    used 11396K, capacity 11972K, committed 11992K, reserved 1048576K
}

